[I 2024-10-03 20:41:13.842 ServerApp] Package notebook took 0.0000s to import
[I 2024-10-03 20:41:13.930 ServerApp] Package jupyter_lsp took 0.0877s to import
[W 2024-10-03 20:41:13.930 ServerApp] A `_jupyter_server_extension_points` function was not found in jupyter_lsp. Instead, a `_jupyter_server_extension_paths` function was found and will be used for now. This function name will be deprecated in future releases of Jupyter Server.
[I 2024-10-03 20:41:13.966 ServerApp] Package jupyter_server_terminals took 0.0356s to import
[I 2024-10-03 20:41:13.967 ServerApp] Package jupyterlab took 0.0000s to import
Fail to get yarn configuration. /fs01/home/opent03/.conda/envs/dis/lib/python3.9/site-packages/jupyterlab/staging/yarn.js:4
(()=>{var Qge=Object.create;var AS=Object.defineProperty;var bge=Object.getOwnPropertyDescriptor;var Sge=Object.getOwnPropertyNames;var vge=Object.getPrototypeOf,xge=Object.prototype.hasOwnProperty;var J=(r=>typeof require<"u"?require:typeof Proxy<"u"?new Proxy(r,{get:(e,t)=>(typeof require<"u"?require:e)[t]}):r)(function(r){if(typeof require<"u")return require.apply(this,arguments);throw new Error('Dynamic require of "'+r+'" is not supported')});var Pge=(r,e)=>()=>(r&&(e=r(r=0)),e);var w=(r,e)=>()=>(e||r((e={exports:{}}).exports,e),e.exports),ut=(r,e)=>{for(var t in e)AS(r,t,{get:e[t],enumerable:!0})},Dge=(r,e,t,i)=>{if(e&&typeof e=="object"||typeof e=="function")for(let n of Sge(e))!xge.call(r,n)&&n!==t&&AS(r,n,{get:()=>e[n],enumerable:!(i=bge(e,n))||i.enumerable});return r};var Pe=(r,e,t)=>(t=r!=null?Qge(vge(r)):{},Dge(e||!r||!r.__esModule?AS(t,"default",{value:r,enumerable:!0}):t,r));var QK=w((GXe,BK)=>{BK.export

SyntaxError: Unexpected token {
    at createScript (vm.js:80:10)
    at Object.runInThisContext (vm.js:139:10)
    at Module._compile (module.js:616:28)
    at Object.Module._extensions..js (module.js:663:10)
    at Module.load (module.js:565:32)
    at tryModuleLoad (module.js:505:12)
    at Function.Module._load (module.js:497:3)
    at Function.Module.runMain (module.js:693:10)
    at startup (bootstrap_node.js:188:16)
    at bootstrap_node.js:609:3

[I 2024-10-03 20:41:14.889 ServerApp] Package notebook_shim took 0.0000s to import
[W 2024-10-03 20:41:14.889 ServerApp] A `_jupyter_server_extension_points` function was not found in notebook_shim. Instead, a `_jupyter_server_extension_paths` function was found and will be used for now. This function name will be deprecated in future releases of Jupyter Server.
[I 2024-10-03 20:41:14.892 ServerApp] jupyter_lsp | extension was successfully linked.
[I 2024-10-03 20:41:14.899 ServerApp] jupyter_server_terminals | extension was successfully linked.
[I 2024-10-03 20:41:14.904 ServerApp] jupyterlab | extension was successfully linked.
[I 2024-10-03 20:41:14.909 ServerApp] notebook | extension was successfully linked.
[I 2024-10-03 20:41:16.126 ServerApp] notebook_shim | extension was successfully linked.
[I 2024-10-03 20:41:16.190 ServerApp] notebook_shim | extension was successfully loaded.
[I 2024-10-03 20:41:16.193 ServerApp] jupyter_lsp | extension was successfully loaded.
[I 2024-10-03 20:41:16.195 ServerApp] jupyter_server_terminals | extension was successfully loaded.
[I 2024-10-03 20:41:16.204 LabApp] JupyterLab extension loaded from /h/opent03/.conda/envs/dis/lib/python3.9/site-packages/jupyterlab
[I 2024-10-03 20:41:16.204 LabApp] JupyterLab application directory is /fs01/home/opent03/.conda/envs/dis/share/jupyter/lab
[I 2024-10-03 20:41:16.206 LabApp] Extension Manager is 'pypi'.
[I 2024-10-03 20:41:16.209 ServerApp] jupyterlab | extension was successfully loaded.
[I 2024-10-03 20:41:16.213 ServerApp] notebook | extension was successfully loaded.
[I 2024-10-03 20:41:16.213 ServerApp] Serving notebooks from local directory: /fs01/home/opent03/vector_tmp
[I 2024-10-03 20:41:16.214 ServerApp] Jupyter Server 2.10.0 is running at:
[I 2024-10-03 20:41:16.214 ServerApp] http://gpu024:8372/tree?token=7430c370544b354d5bf74e49ee7913b4e2ece225d8179cc1
[I 2024-10-03 20:41:16.215 ServerApp]     http://127.0.0.1:8372/tree?token=7430c370544b354d5bf74e49ee7913b4e2ece225d8179cc1
[I 2024-10-03 20:41:16.215 ServerApp] Use Control-C to stop this server and shut down all kernels (twice to skip confirmation).
[C 2024-10-03 20:41:16.246 ServerApp] 
    
    To access the server, open this file in a browser:
        file:///fs01/home/opent03/.local/share/jupyter/runtime/jpserver-31679-open.html
    Or copy and paste one of these URLs:
        http://gpu024:8372/tree?token=7430c370544b354d5bf74e49ee7913b4e2ece225d8179cc1
        http://127.0.0.1:8372/tree?token=7430c370544b354d5bf74e49ee7913b4e2ece225d8179cc1
Unable to connect to VS Code server: Error in request.
Error: connect ENOENT /run/user/12285/vscode-ipc-12955f69-d8d3-405d-b4d5-f91152650217.sock
    at PipeConnectWrap.afterConnect [as oncomplete] (node:net:1607:16) {
  errno: -2,
  code: 'ENOENT',
  syscall: 'connect',
  address: '/run/user/12285/vscode-ipc-12955f69-d8d3-405d-b4d5-f91152650217.sock'
}
[I 2024-10-03 20:41:16.758 ServerApp] Skipped non-installed server(s): bash-language-server, dockerfile-language-server-nodejs, javascript-typescript-langserver, jedi-language-server, julia-language-server, pyright, python-language-server, python-lsp-server, r-languageserver, sql-language-server, texlab, typescript-language-server, unified-language-server, vscode-css-languageserver-bin, vscode-html-languageserver-bin, vscode-json-languageserver-bin, yaml-language-server
[I 2024-10-03 20:41:35.748 ServerApp] 302 GET / (@172.17.15.237) 0.86ms
[I 2024-10-03 20:41:35.752 JupyterNotebookApp] 302 GET /tree? (@172.17.15.237) 0.81ms
[I 2024-10-03 20:41:37.246 ServerApp] 302 GET / (@172.17.15.237) 0.41ms
[I 2024-10-03 20:41:37.248 JupyterNotebookApp] 302 GET /tree? (@172.17.15.237) 0.47ms
[I 2024-10-03 20:41:46.620 ServerApp] 302 GET / (@172.17.15.237) 0.43ms
[I 2024-10-03 20:41:46.623 JupyterNotebookApp] 302 GET /tree? (@172.17.15.237) 0.50ms
[I 2024-10-03 20:41:46.688 ServerApp] Kernel started: 037573b2-6e90-4d44-bb7e-0a57c15e3552
[I 2024-10-03 20:41:47.507 ServerApp] Connecting to kernel 037573b2-6e90-4d44-bb7e-0a57c15e3552.
[W 2024-10-03 20:41:48.215 ServerApp] 404 GET /nbextensions/jupyter-js-widgets/extension.js (@172.17.15.237) 8.31ms referer=None
[I 2024-10-03 20:41:48.216 ServerApp] 302 GET / (@172.17.15.237) 0.34ms
[I 2024-10-03 20:41:48.222 JupyterNotebookApp] 302 GET /tree? (@172.17.15.237) 0.49ms
[W 2024-10-03 20:41:48.228 ServerApp] 404 GET /nbextensions/jupyter-js-widgets/extension.js (@172.17.15.237) 0.86ms referer=None
